<?xml version="1.0" encoding="UTF-8"?>
<!-- Generated by org.testng.reporters.JUnitReportReporter -->
<testsuite hostname="DESKTOP-P39CJOI" failures="0" tests="1" name="Com.Perameter.in.Instappy_Login" time="3.455" errors="0" timestamp="2023-01-10T14:06:21 IST" skipped="0">
  <testcase classname="Com.Perameter.in.Instappy_Login" name="Login" time="3.455"/>
  <system-out/>
</testsuite> <!-- Com.Perameter.in.Instappy_Login -->
