<?xml version="1.0" encoding="UTF-8"?>
<!-- Generated by org.testng.reporters.JUnitReportReporter -->
<testsuite hostname="DESKTOP-P39CJOI" failures="0" tests="2" name="Com.Perameter.in.Web_table" time="39.383" errors="0" timestamp="2023-01-10T15:24:10 IST" skipped="0">
  <testcase classname="Com.Perameter.in.Web_table" name="Open" time="39.221"/>
  <system-out/>
  <testcase classname="Com.Perameter.in.Web_table" name="table" time="0.162"/>
  <system-out/>
</testsuite> <!-- Com.Perameter.in.Web_table -->
