<?xml version="1.0" encoding="UTF-8"?>
<!-- Generated by org.testng.reporters.JUnitReportReporter -->
<testsuite hostname="DESKTOP-P39CJOI" failures="0" tests="5" name="Grouos.Grouping" time="0.057" errors="0" timestamp="2023-01-16T14:27:29 IST" skipped="0">
  <testcase classname="Grouos.Grouping" name="Test4" time="0.017"/>
  <system-out/>
  <testcase classname="Grouos.Grouping" name="Test5" time="0.006"/>
  <system-out/>
  <testcase classname="Grouos.Grouping" name="Test1" time="0.023"/>
  <system-out/>
  <testcase classname="Grouos.Grouping" name="Test3" time="0.008"/>
  <system-out/>
  <testcase classname="Grouos.Grouping" name="Test2" time="0.003"/>
  <system-out/>
</testsuite> <!-- Grouos.Grouping -->
