<?xml version="1.0" encoding="UTF-8"?>
<!-- Generated by org.testng.reporters.JUnitReportReporter -->
<testsuite hostname="DESKTOP-P39CJOI" failures="0" tests="1" name="Take.Screenshot.com.VerifyWith_screenshit" time="1.208" errors="0" timestamp="2023-01-13T22:26:36 IST" skipped="0">
  <testcase classname="Take.Screenshot.com.VerifyWith_screenshit" name="invalid_Credentials" time="1.208"/>
  <system-out/>
</testsuite> <!-- Take.Screenshot.com.VerifyWith_screenshit -->
