<?xml version="1.0" encoding="UTF-8"?>
<!-- Generated by org.testng.reporters.JUnitReportReporter -->
<testsuite hostname="DESKTOP-P39CJOI" failures="0" tests="3" name="NG.XML.TEST.OrangeHRM_InvalidLoginCredenmtials_RUNN" time="8.768" errors="1" timestamp="2022-12-26T14:47:15 IST" skipped="2">
  <testcase classname="NG.XML.TEST.OrangeHRM_InvalidLoginCredenmtials_RUNN" name="Credentials" time="0.000">
    <skipped/>
  </testcase> <!-- Credentials -->
  <system-out/>
  <testcase classname="NG.XML.TEST.OrangeHRM_InvalidLoginCredenmtials_RUNN" name="HitTheURL" time="0.000">
    <skipped/>
  </testcase> <!-- HitTheURL -->
  <system-out/>
  <testcase classname="NG.XML.TEST.OrangeHRM_InvalidLoginCredenmtials_RUNN" name="TestBefore" time="8.768">
    <error message="Cannot invoke &quot;org.openqa.selenium.WebDriver.findElement(org.openqa.selenium.By)&quot; because &quot;NG.XML.TEST.OrangeHRM_InvalidLoginCredenmtials.driver&quot; is null" type="java.lang.NullPointerException">
      <![CDATA[java.lang.NullPointerException: Cannot invoke "org.openqa.selenium.WebDriver.findElement(org.openqa.selenium.By)" because "NG.XML.TEST.OrangeHRM_InvalidLoginCredenmtials.driver" is null
at NG.XML.TEST.OrangeHRM_InvalidLoginCredenmtials.LoginCredentials(OrangeHRM_InvalidLoginCredenmtials.java:28)
at NG.XML.TEST.OrangeHRM_InvalidLoginCredenmtials_RUNN.TestBefore(OrangeHRM_InvalidLoginCredenmtials_RUNN.java:25)
at java.base/jdk.internal.reflect.NativeMethodAccessorImpl.invoke0(Native Method)
at java.base/jdk.internal.reflect.NativeMethodAccessorImpl.invoke(NativeMethodAccessorImpl.java:77)
at java.base/jdk.internal.reflect.DelegatingMethodAccessorImpl.invoke(DelegatingMethodAccessorImpl.java:43)
at java.base/java.lang.reflect.Method.invoke(Method.java:568)
at org.testng.internal.MethodInvocationHelper.invokeMethod(MethodInvocationHelper.java:133)
at org.testng.internal.MethodInvocationHelper.invokeMethodConsideringTimeout(MethodInvocationHelper.java:62)
at org.testng.internal.ConfigInvoker.invokeConfigurationMethod(ConfigInvoker.java:385)
at org.testng.internal.ConfigInvoker.invokeConfigurations(ConfigInvoker.java:321)
at org.testng.TestRunner.invokeTestConfigurations(TestRunner.java:637)
at org.testng.TestRunner.beforeRun(TestRunner.java:627)
at org.testng.TestRunner.run(TestRunner.java:589)
at org.testng.SuiteRunner.runTest(SuiteRunner.java:377)
at org.testng.SuiteRunner.runSequentially(SuiteRunner.java:371)
at org.testng.SuiteRunner.privateRun(SuiteRunner.java:332)
at org.testng.SuiteRunner.run(SuiteRunner.java:276)
at org.testng.SuiteRunnerWorker.runSuite(SuiteRunnerWorker.java:53)
at org.testng.SuiteRunnerWorker.run(SuiteRunnerWorker.java:96)
at org.testng.TestNG.runSuitesSequentially(TestNG.java:1212)
at org.testng.TestNG.runSuitesLocally(TestNG.java:1134)
at org.testng.TestNG.runSuites(TestNG.java:1063)
at org.testng.TestNG.run(TestNG.java:1031)
at org.testng.remote.AbstractRemoteTestNG.run(AbstractRemoteTestNG.java:115)
at org.testng.remote.RemoteTestNG.initAndRun(RemoteTestNG.java:251)
at org.testng.remote.RemoteTestNG.main(RemoteTestNG.java:77)
]]>
    </error>
  </testcase> <!-- TestBefore -->
  <system-out/>
</testsuite> <!-- NG.XML.TEST.OrangeHRM_InvalidLoginCredenmtials_RUNN -->
