<?xml version="1.0" encoding="UTF-8"?>
<!-- Generated by org.testng.reporters.JUnitReportReporter -->
<testsuite hostname="DESKTOP-P39CJOI" failures="0" tests="1" name="Broken.Links.Broken_Links" time="33.065" errors="0" timestamp="2023-01-13T21:44:26 IST" skipped="0">
  <testcase classname="Broken.Links.Broken_Links" name="Hit" time="33.065"/>
  <system-out/>
</testsuite> <!-- Broken.Links.Broken_Links -->
